<?xml version="1.0" encoding="UTF-8"?>
<Site BuildName="(empty)"
	BuildStamp="20241208-1910-Experimental"
	Name="(empty)"
	Generator="ctest-3.28.3"
	CompilerName=""
	CompilerVersion=""
	OSName="Linux"
	Hostname="egor-KVADRA-NAU-LE14U"
	OSRelease="6.8.0-49-generic"
	OSVersion="#49-Ubuntu SMP PREEMPT_DYNAMIC Mon Nov  4 02:06:24 UTC 2024"
	OSPlatform="x86_64"
	Is64Bits="1"
	VendorString="GenuineIntel"
	VendorID="Intel Corporation"
	FamilyID="6"
	ModelID="154"
	ProcessorCacheSize="12288"
	NumberOfLogicalCPU="12"
	NumberOfPhysicalCPU="10"
	TotalVirtualMemory="8191"
	TotalPhysicalMemory="31811"
	LogicalProcessorsPerPhysical="1"
	ProcessorClockFrequency="1700"
	>
	<Testing>
		<StartDateTime>Dec 08 22:10 MSK</StartDateTime>
		<StartTestTime>1733685026</StartTestTime>
		<TestList/>
		<EndDateTime>Dec 08 22:10 MSK</EndDateTime>
		<EndTestTime>1733685026</EndTestTime>
		<ElapsedMinutes>0</ElapsedMinutes>
	</Testing>
</Site>
